<?xml version="1.0" encoding="UTF-8"?>
<!-- Generated by org.testng.reporters.JUnitXMLReporter -->
<testsuite ignored="0" hostname="GFG19667-LAPTOP" failures="0" tests="7" name="Default test" time="29.057" errors="0" timestamp="2025-01-09T17:18:15 IST">
  <testcase classname="actions.ActionsTest" name="testClickAndHoldWithDelay" time="9.954"/>
  <testcase classname="actions.ActionsTest" name="testContextAndDoubleClick" time="3.867"/>
  <testcase classname="actions.ActionsTest" name="testCopyAndPaste" time="1.204"/>
  <testcase classname="actions.ActionsTest" name="testDragAndDrop" time="6.061"/>
  <testcase classname="actions.ActionsTest" name="testDragAndDrop2" time="0.394"/>
  <testcase classname="actions.ActionsTest" name="testMouseHover" time="3.826"/>
  <testcase classname="actions.ActionsTest" name="testMouseHover1" time="0.643"/>
</testsuite> <!-- Default test -->
