<?xml version="1.0" encoding="UTF-8"?>
<!-- Generated by org.testng.reporters.JUnitXMLReporter -->
<testsuite ignored="0" hostname="GFG19667-LAPTOP" failures="0" tests="3" name="Default test" time="9.76" errors="0" timestamp="2025-01-14T16:04:02 IST">
  <testcase classname="screenshots.ScreenshotsTest" name="testScreenshotBase64" time="1.32"/>
  <testcase classname="screenshots.ScreenshotsTest" name="testScreenshotPNG" time="0.52"/>
  <testcase classname="screenshots.ScreenshotsTest" name="testWebElementScreenshot" time="0.65"/>
</testsuite> <!-- Default test -->
