<?xml version="1.0" encoding="UTF-8"?>
<testng-results ignored="0" total="2" passed="2" failed="0" skipped="0">
  <reporter-output>
  </reporter-output>
  <suite started-at="2024-12-31T17:19:26 IST" name="Default suite" finished-at="2024-12-31T17:19:35 IST" duration-ms="9419">
    <groups>
    </groups>
    <test started-at="2024-12-31T17:19:26 IST" name="Default test" finished-at="2024-12-31T17:19:35 IST" duration-ms="9419">
      <class name="actions.ActionsTest">
        <test-method is-config="true" signature="setup()[pri:0, instance:actions.ActionsTest@74a6a609]" started-at="2024-12-31T17:19:26 IST" name="setup" finished-at="2024-12-31T17:19:29 IST" duration-ms="2856" status="PASS">
          <reporter-output>
          </reporter-output>
        </test-method> <!-- setup -->
        <test-method signature="testContextAndDoubleClick()[pri:0, instance:actions.ActionsTest@74a6a609]" started-at="2024-12-31T17:19:29 IST" name="testContextAndDoubleClick" finished-at="2024-12-31T17:19:34 IST" duration-ms="5033" status="PASS">
          <reporter-output>
          </reporter-output>
        </test-method> <!-- testContextAndDoubleClick -->
        <test-method signature="testMouseHover()[pri:0, instance:actions.ActionsTest@74a6a609]" started-at="2024-12-31T17:19:34 IST" name="testMouseHover" finished-at="2024-12-31T17:19:35 IST" duration-ms="1129" status="PASS">
          <reporter-output>
          </reporter-output>
        </test-method> <!-- testMouseHover -->
        <test-method is-config="true" signature="tearDown()[pri:0, instance:actions.ActionsTest@74a6a609]" started-at="2024-12-31T17:19:35 IST" name="tearDown" finished-at="2024-12-31T17:19:35 IST" duration-ms="310" status="PASS">
          <reporter-output>
          </reporter-output>
        </test-method> <!-- tearDown -->
      </class> <!-- actions.ActionsTest -->
    </test> <!-- Default test -->
  </suite> <!-- Default suite -->
</testng-results>
