<?xml version="1.0" encoding="UTF-8"?>
<testng-results ignored="0" total="1" passed="1" failed="0" skipped="0">
  <reporter-output>
  </reporter-output>
  <suite started-at="2025-01-09T12:07:09 IST" name="Default suite" finished-at="2025-01-09T12:07:15 IST" duration-ms="6021">
    <groups>
    </groups>
    <test started-at="2025-01-09T12:07:09 IST" name="Default test" finished-at="2025-01-09T12:07:15 IST" duration-ms="6021">
      <class name="cssLocators.CSSSelectorsDemo">
        <test-method is-config="true" signature="setUp()[pri:0, instance:cssLocators.CSSSelectorsDemo@6c284af]" started-at="2025-01-09T12:07:09 IST" name="setUp" finished-at="2025-01-09T12:07:13 IST" duration-ms="4010" status="PASS">
          <reporter-output>
          </reporter-output>
        </test-method> <!-- setUp -->
        <test-method signature="testCSSSelectors()[pri:0, instance:cssLocators.CSSSelectorsDemo@6c284af]" started-at="2025-01-09T12:07:13 IST" name="testCSSSelectors" finished-at="2025-01-09T12:07:14 IST" duration-ms="1403" status="PASS">
          <reporter-output>
          </reporter-output>
        </test-method> <!-- testCSSSelectors -->
        <test-method is-config="true" signature="tearDown()[pri:0, instance:cssLocators.CSSSelectorsDemo@6c284af]" started-at="2025-01-09T12:07:14 IST" name="tearDown" finished-at="2025-01-09T12:07:15 IST" duration-ms="540" status="PASS">
          <reporter-output>
          </reporter-output>
        </test-method> <!-- tearDown -->
        <test-method is-config="true" signature="afterClassCleanUp()[pri:0, instance:cssLocators.CSSSelectorsDemo@6c284af]" started-at="2025-01-09T12:07:15 IST" name="afterClassCleanUp" finished-at="2025-01-09T12:07:15 IST" duration-ms="2" status="PASS">
          <reporter-output>
          </reporter-output>
        </test-method> <!-- afterClassCleanUp -->
      </class> <!-- cssLocators.CSSSelectorsDemo -->
    </test> <!-- Default test -->
  </suite> <!-- Default suite -->
</testng-results>
